<?xml version="1.0" encoding="UTF-8"?>
<!-- Generated by org.testng.reporters.JUnitReportReporter -->
<testsuite skipped="0" hostname="MSCTECH-665" name="TestNGBasic.Groupex" tests="6" failures="0" timestamp="06 Jun 2019 11:42:54 GMT" time="0.012" errors="0">
  <testcase name="test5" time="0.001" classname="TestNGBasic.Groupex"/>
  <testcase name="test1" time="0.007" classname="TestNGBasic.Groupex"/>
  <testcase name="test6" time="0.002" classname="TestNGBasic.Groupex"/>
  <testcase name="test4" time="0.001" classname="TestNGBasic.Groupex"/>
  <testcase name="test2" time="0.000" classname="TestNGBasic.Groupex"/>
  <testcase name="test3" time="0.001" classname="TestNGBasic.Groupex"/>
</testsuite> <!-- TestNGBasic.Groupex -->
