<?xml version="1.0" encoding="UTF-8"?>
<!-- Generated by org.testng.reporters.JUnitReportReporter -->
<testsuite skipped="0" hostname="MSCTECH-665" name="TestNGBasic.Annotationsex" tests="2" failures="0" timestamp="30 May 2019 04:10:23 GMT" time="0.005" errors="0">
  <testcase name="test2" time="0.001" classname="TestNGBasic.Annotationsex"/>
  <testcase name="test1" time="0.004" classname="TestNGBasic.Annotationsex"/>
</testsuite> <!-- TestNGBasic.Annotationsex -->
