<?xml version="1.0" encoding="UTF-8"?>
<!-- Generated by org.testng.reporters.JUnitReportReporter -->
<testsuite skipped="0" hostname="MSCTECH-665" name="TestNGBasic.DeponMethod" tests="3" failures="0" timestamp="06 Jun 2019 10:10:12 GMT" time="13.041" errors="0">
  <testcase name="OpenBrowser" time="4.091" classname="TestNGBasic.DeponMethod"/>
  <testcase name="LogOut" time="5.217" classname="TestNGBasic.DeponMethod"/>
  <testcase name="SignIn" time="3.733" classname="TestNGBasic.DeponMethod"/>
</testsuite> <!-- TestNGBasic.DeponMethod -->
