<?xml version="1.0" encoding="UTF-8"?>
<!-- Generated by org.testng.reporters.JUnitReportReporter -->
<testsuite skipped="1" hostname="MSCTECH-665" name="TestNGBasic.Prioritizing" tests="4" failures="0" timestamp="06 Jun 2019 11:53:52 GMT" time="0.009" errors="0">
  <testcase name="Three" time="0.007" classname="TestNGBasic.Prioritizing"/>
  <testcase name="One" time="0.001" classname="TestNGBasic.Prioritizing"/>
  <testcase name="Four" time="0.001" classname="TestNGBasic.Prioritizing"/>
  <testcase name="Two" classname="TestNGBasic.Prioritizing">
    <skipped/>
  </testcase> <!-- Two -->
</testsuite> <!-- TestNGBasic.Prioritizing -->
