<?xml version="1.0" encoding="UTF-8"?>
<!-- Generated by org.testng.reporters.JUnitReportReporter -->
<testsuite skipped="0" hostname="MSCTECH-665" name="TestNGBasic.GropingConcepts" tests="5" failures="0" timestamp="06 Jun 2019 11:40:33 GMT" time="0.012" errors="0">
  <testcase name="Car1" time="0.008" classname="TestNGBasic.GropingConcepts"/>
  <testcase name="Scooter1" time="0.001" classname="TestNGBasic.GropingConcepts"/>
  <testcase name="Car2" time="0.001" classname="TestNGBasic.GropingConcepts"/>
  <testcase name="Scooter2" time="0.001" classname="TestNGBasic.GropingConcepts"/>
  <testcase name="Sedan1" time="0.001" classname="TestNGBasic.GropingConcepts"/>
</testsuite> <!-- TestNGBasic.GropingConcepts -->
