<?xml version="1.0" encoding="UTF-8"?>
<!-- Generated by org.testng.reporters.JUnitReportReporter -->
<testsuite skipped="0" hostname="MSCTECH-665" name="SeleniumBasic.FirstTestScripts" tests="2" failures="0" timestamp="24 May 2019 09:55:41 GMT" time="0.014" errors="0">
  <testcase name="Creation" time="0.013" classname="SeleniumBasic.FirstTestScripts"/>
  <testcase name="Login" time="0.001" classname="SeleniumBasic.FirstTestScripts"/>
</testsuite> <!-- SeleniumBasic.FirstTestScripts -->
