<?xml version="1.0" encoding="UTF-8"?>
<!-- Generated by org.testng.reporters.JUnitReportReporter -->
<testsuite skipped="0" hostname="MSCTECH-665" name="TestNGBasic.Parallelexec" tests="3" failures="0" timestamp="06 Jun 2019 11:24:08 GMT" time="67.594" errors="0">
  <testcase name="executSessionOne" time="47.437" classname="TestNGBasic.Parallelexec"/>
  <testcase name="executSessionThree" time="7.959" classname="TestNGBasic.Parallelexec"/>
  <testcase name="executeSessionTwo" time="12.198" classname="TestNGBasic.Parallelexec"/>
</testsuite> <!-- TestNGBasic.Parallelexec -->
