<?xml version="1.0" encoding="UTF-8"?>
<!-- Generated by org.testng.reporters.JUnitReportReporter -->
<testsuite skipped="0" hostname="MSCTECH-665" name="TestNGBasic.Parameters" tests="2" failures="0" timestamp="12 Jun 2019 05:45:19 GMT" time="0.008" errors="0">
  <testcase name="testCaseOne" time="0.007" classname="TestNGBasic.Parameters"/>
  <testcase name="testCaseTwo" time="0.001" classname="TestNGBasic.Parameters"/>
</testsuite> <!-- TestNGBasic.Parameters -->
