<?xml version="1.0" encoding="UTF-8"?>
<!-- Generated by org.testng.reporters.JUnitReportReporter -->
<testsuite skipped="0" hostname="MSCTECH-665" name="TestNGBasic.Attributesexampls" tests="1" failures="0" timestamp="31 May 2019 10:09:27 GMT" time="0.011" errors="0">
  <testcase name="test1" time="0.011" classname="TestNGBasic.Attributesexampls"/>
</testsuite> <!-- TestNGBasic.Attributesexampls -->
